<?xml version="1.0" encoding="utf-8"?><testsuites name="pytest tests"><testsuite name="pytest" errors="0" failures="0" skipped="0" tests="7" time="0.879" timestamp="2026-06-19T21:48:52.576828+00:00" hostname="agent-env-4978acf3-0ce6-4fcb-bc39-ced49f596bdd"><testcase classname="backend.tests.backend_test" name="test_root_health" time="0.263" /><testcase classname="backend.tests.backend_test" name="test_contact_post_valid_and_persists" time="0.130" /><testcase classname="backend.tests.backend_test" name="test_contact_post_invalid_email" time="0.046" /><testcase classname="backend.tests.backend_test" name="test_contact_post_empty_name" time="0.049" /><testcase classname="backend.tests.backend_test" name="test_contact_post_empty_message" time="0.049" /><testcase classname="backend.tests.backend_test" name="test_contact_post_missing_fields" time="0.047" /><testcase classname="backend.tests.backend_test" name="test_contact_list_sorted_desc" time="0.145" /></testsuite></testsuites>